1589836647777	mozrunner::runner	INFO	Running command: "/usr/bin/firefox" "-marionette" "-foreground" "-no-remote" "-profile" "/tmp/rust_mozprofile.BV53LVIZxjWC"
Error: no DISPLAY environment variable specified
1589836668386	mozrunner::runner	INFO	Running command: "/usr/bin/firefox" "-marionette" "-foreground" "-no-remote" "-profile" "/tmp/rust_mozprofile.4tgkogu5VLjt"
Error: no DISPLAY environment variable specified
1589836684854	mozrunner::runner	INFO	Running command: "/usr/bin/firefox" "-marionette" "-foreground" "-no-remote" "-profile" "/tmp/rust_mozprofile.XuatFypp0nhM"
Error: no DISPLAY environment variable specified
1589836784427	mozrunner::runner	INFO	Running command: "/usr/bin/firefox" "-marionette" "-foreground" "-no-remote" "-profile" "/tmp/rust_mozprofile.Un95MkPg3ZXJ"
Error: no DISPLAY environment variable specified
1589840046472	mozrunner::runner	INFO	Running command: "/usr/bin/firefox" "-marionette" "--headless" "-foreground" "-no-remote" "-profile" "/tmp/rust_mozprofile.Fi7m30iIQj97"
*** You are running in headless mode.
1589840046899	addons.webextension.doh-rollout@mozilla.org	WARN	Loading extension 'doh-rollout@mozilla.org': Reading manifest: Invalid extension permission: networkStatus
1589840047480	addons.webextension.screenshots@mozilla.org	WARN	Loading extension 'screenshots@mozilla.org': Reading manifest: Invalid extension permission: mozillaAddons
1589840047480	addons.webextension.screenshots@mozilla.org	WARN	Loading extension 'screenshots@mozilla.org': Reading manifest: Invalid extension permission: telemetry
1589840047480	addons.webextension.screenshots@mozilla.org	WARN	Loading extension 'screenshots@mozilla.org': Reading manifest: Invalid extension permission: resource://pdf.js/
1589840047480	addons.webextension.screenshots@mozilla.org	WARN	Loading extension 'screenshots@mozilla.org': Reading manifest: Invalid extension permission: about:reader*

###!!! [Parent][MessageChannel] Error: (msgtype=0x38005F,name=PContent::Msg_SetPermissionsWithKey) Channel error: cannot send/recv


###!!! [Parent][MessageChannel] Error: (msgtype=0x380059,name=PContent::Msg_GMPsChanged) Channel error: cannot send/recv

Exiting due to channel error.
[Parent 27666, Gecko_IOThread] WARNING: FileDescriptorSet destroyed with unconsumed descriptors: file /build/firefox-4NVViI/firefox-76.0.1+build1/ipc/chromium/src/chrome/common/file_descriptor_set_posix.cc, line 19

###!!! [Parent][MessageChannel] Error: (msgtype=0x380072,name=PContent::Msg_RegisterBrowsingContextGroup) Channel error: cannot send/recv


###!!! [Parent][MessageChannel] Error: (msgtype=0x380002,name=PContent::Msg_ConstructBrowser) Channel error: cannot send/recv


###!!! [Parent][MessageChannel] Error: (msgtype=0x380129,name=PContent::Msg_CommitBrowsingContextTransaction) Channel error: cannot send/recv


###!!! [Parent][MessageChannel] Error: (msgtype=0x2000A4,name=PBrowser::Msg_SetUseGlobalHistory) Channel error: cannot send/recv


###!!! [Parent][MessageChannel] Error: (msgtype=0x380129,name=PContent::Msg_CommitBrowsingContextTransaction) Channel error: cannot send/recv


###!!! [Parent][MessageChannel] Error: (msgtype=0x200070,name=PBrowser::Msg_InitRendering) Channel error: cannot send/recv


###!!! [Parent][MessageChannel] Error: (msgtype=0x2000A1,name=PBrowser::Msg_SafeAreaInsetsChanged) Channel error: cannot send/recv


###!!! [Parent][MessageChannel] Error: (msgtype=0x200098,name=PBrowser::Msg_LoadRemoteScript) Channel error: cannot send/recv


###!!! [Parent][MessageChannel] Error: (msgtype=0x200098,name=PBrowser::Msg_LoadRemoteScript) Channel error: cannot send/recv


###!!! [Parent][MessageChannel] Error: (msgtype=0x200072,name=PBrowser::Msg_LoadURL) Channel error: cannot send/recv


###!!! [Parent][MessageChannel] Error: (msgtype=0x20006E,name=PBrowser::Msg_Show) Channel error: cannot send/recv


###!!! [Parent][MessageChannel] Error: (msgtype=0x200098,name=PBrowser::Msg_LoadRemoteScript) Channel error: cannot send/recv


###!!! [Parent][MessageChannel] Error: (msgtype=0x380072,name=PContent::Msg_RegisterBrowsingContextGroup) Channel error: cannot send/recv


###!!! [Parent][MessageChannel] Error: (msgtype=0x380002,name=PContent::Msg_ConstructBrowser) Channel error: cannot send/recv


###!!! [Parent][MessageChannel] Error: (msgtype=0x380129,name=PContent::Msg_CommitBrowsingContextTransaction) Channel error: cannot send/recv


###!!! [Parent][MessageChannel] Error: (msgtype=0x2000A4,name=PBrowser::Msg_SetUseGlobalHistory) Channel error: cannot send/recv


###!!! [Parent][MessageChannel] Error: (msgtype=0x380129,name=PContent::Msg_CommitBrowsingContextTransaction) Channel error: cannot send/recv


###!!! [Parent][MessageChannel] Error: (msgtype=0x200070,name=PBrowser::Msg_InitRendering) Channel error: cannot send/recv


###!!! [Parent][MessageChannel] Error: (msgtype=0x2000A1,name=PBrowser::Msg_SafeAreaInsetsChanged) Channel error: cannot send/recv


###!!! [Parent][MessageChannel] Error: (msgtype=0x200098,name=PBrowser::Msg_LoadRemoteScript) Channel error: cannot send/recv


###!!! [Parent][MessageChannel] Error: (msgtype=0x200098,name=PBrowser::Msg_LoadRemoteScript) Channel error: cannot send/recv


###!!! [Parent][MessageChannel] Error: (msgtype=0x200072,name=PBrowser::Msg_LoadURL) Channel error: cannot send/recv


###!!! [Parent][MessageChannel] Error: (msgtype=0x20006E,name=PBrowser::Msg_Show) Channel error: cannot send/recv


###!!! [Parent][MessageChannel] Error: (msgtype=0x200098,name=PBrowser::Msg_LoadRemoteScript) Channel error: cannot send/recv


###!!! [Parent][MessageChannel] Error: (msgtype=0x380072,name=PContent::Msg_RegisterBrowsingContextGroup) Channel error: cannot send/recv


###!!! [Parent][MessageChannel] Error: (msgtype=0x380002,name=PContent::Msg_ConstructBrowser) Channel error: cannot send/recv


###!!! [Parent][MessageChannel] Error: (msgtype=0x380129,name=PContent::Msg_CommitBrowsingContextTransaction) Channel error: cannot send/recv


###!!! [Parent][MessageChannel] Error: (msgtype=0x2000A4,name=PBrowser::Msg_SetUseGlobalHistory) Channel error: cannot send/recv


###!!! [Parent][MessageChannel] Error: (msgtype=0x380129,name=PContent::Msg_CommitBrowsingContextTransaction) Channel error: cannot send/recv


###!!! [Parent][MessageChannel] Error: (msgtype=0x200070,name=PBrowser::Msg_InitRendering) Channel error: cannot send/recv


###!!! [Parent][MessageChannel] Error: (msgtype=0x2000A1,name=PBrowser::Msg_SafeAreaInsetsChanged) Channel error: cannot send/recv


###!!! [Parent][MessageChannel] Error: (msgtype=0x200098,name=PBrowser::Msg_LoadRemoteScript) Channel error: cannot send/recv


###!!! [Parent][MessageChannel] Error: (msgtype=0x200098,name=PBrowser::Msg_LoadRemoteScript) Channel error: cannot send/recv


###!!! [Parent][MessageChannel] Error: (msgtype=0x200072,name=PBrowser::Msg_LoadURL) Channel error: cannot send/recv


###!!! [Parent][MessageChannel] Error: (msgtype=0x20006E,name=PBrowser::Msg_Show) Channel error: cannot send/recv


###!!! [Parent][MessageChannel] Error: (msgtype=0x200098,name=PBrowser::Msg_LoadRemoteScript) Channel error: cannot send/recv


###!!! [Parent][MessageChannel] Error: (msgtype=0x380072,name=PContent::Msg_RegisterBrowsingContextGroup) Channel error: cannot send/recv


###!!! [Parent][MessageChannel] Error: (msgtype=0x380002,name=PContent::Msg_ConstructBrowser) Channel error: cannot send/recv


###!!! [Parent][MessageChannel] Error: (msgtype=0x380129,name=PContent::Msg_CommitBrowsingContextTransaction) Channel error: cannot send/recv


###!!! [Parent][MessageChannel] Error: (msgtype=0x2000A4,name=PBrowser::Msg_SetUseGlobalHistory) Channel error: cannot send/recv


###!!! [Parent][MessageChannel] Error: (msgtype=0x380129,name=PContent::Msg_CommitBrowsingContextTransaction) Channel error: cannot send/recv


###!!! [Parent][MessageChannel] Error: (msgtype=0x200070,name=PBrowser::Msg_InitRendering) Channel error: cannot send/recv


###!!! [Parent][MessageChannel] Error: (msgtype=0x2000A1,name=PBrowser::Msg_SafeAreaInsetsChanged) Channel error: cannot send/recv


###!!! [Parent][MessageChannel] Error: (msgtype=0x200098,name=PBrowser::Msg_LoadRemoteScript) Channel error: cannot send/recv


###!!! [Parent][MessageChannel] Error: (msgtype=0x200098,name=PBrowser::Msg_LoadRemoteScript) Channel error: cannot send/recv


###!!! [Parent][MessageChannel] Error: (msgtype=0x200072,name=PBrowser::Msg_LoadURL) Channel error: cannot send/recv


###!!! [Parent][MessageChannel] Error: (msgtype=0x20006E,name=PBrowser::Msg_Show) Channel error: cannot send/recv


###!!! [Parent][MessageChannel] Error: (msgtype=0x200098,name=PBrowser::Msg_LoadRemoteScript) Channel error: cannot send/recv


###!!! [Parent][MessageChannel] Error: (msgtype=0x200098,name=PBrowser::Msg_LoadRemoteScript) Channel error: cannot send/recv


###!!! [Parent][MessageChannel] Error: (msgtype=0x200001,name=PBrowser::Msg_AsyncMessage) Channel error: cannot send/recv


###!!! [Parent][MessageChannel] Error: (msgtype=0x380075,name=PContent::Msg_LoadURI) Channel error: cannot send/recv


###!!! [Parent][MessageChannel] Error: (msgtype=0x200098,name=PBrowser::Msg_LoadRemoteScript) Channel error: cannot send/recv


###!!! [Parent][MessageChannel] Error: (msgtype=0x200001,name=PBrowser::Msg_AsyncMessage) Channel error: cannot send/recv


###!!! [Parent][MessageChannel] Error: (msgtype=0x380075,name=PContent::Msg_LoadURI) Channel error: cannot send/recv


###!!! [Parent][MessageChannel] Error: (msgtype=0x200098,name=PBrowser::Msg_LoadRemoteScript) Channel error: cannot send/recv


###!!! [Parent][MessageChannel] Error: (msgtype=0x200001,name=PBrowser::Msg_AsyncMessage) Channel error: cannot send/recv


###!!! [Parent][MessageChannel] Error: (msgtype=0x380075,name=PContent::Msg_LoadURI) Channel error: cannot send/recv


###!!! [Parent][MessageChannel] Error: (msgtype=0x200098,name=PBrowser::Msg_LoadRemoteScript) Channel error: cannot send/recv


###!!! [Parent][MessageChannel] Error: (msgtype=0x200001,name=PBrowser::Msg_AsyncMessage) Channel error: cannot send/recv


###!!! [Parent][MessageChannel] Error: (msgtype=0x380075,name=PContent::Msg_LoadURI) Channel error: cannot send/recv


###!!! [Parent][MessageChannel] Error: (msgtype=0x200074,name=PBrowser::Msg_UpdateDimensions) Channel error: cannot send/recv


###!!! [Parent][MessageChannel] Error: (msgtype=0x200074,name=PBrowser::Msg_UpdateDimensions) Channel error: cannot send/recv


###!!! [Parent][MessageChannel] Error: (msgtype=0x200074,name=PBrowser::Msg_UpdateDimensions) Channel error: cannot send/recv


###!!! [Parent][MessageChannel] Error: (msgtype=0x200074,name=PBrowser::Msg_UpdateDimensions) Channel error: cannot send/recv


###!!! [Parent][MessageChannel] Error: (msgtype=0x380022,name=PContent::Msg_PreferenceUpdate) Channel error: cannot send/recv


###!!! [Parent][MessageChannel] Error: (msgtype=0x380034,name=PContent::Msg_UpdateSharedData) Channel error: cannot send/recv

[Parent 27666, Main Thread] WARNING: FileDescriptorSet destroyed with unconsumed descriptors: file /build/firefox-4NVViI/firefox-76.0.1+build1/ipc/chromium/src/chrome/common/file_descriptor_set_posix.cc, line 19

###!!! [Parent][MessageChannel] Error: (msgtype=0x380009,name=PContent::Msg_InitProfiler) Channel error: cannot send/recv

[Parent 27666, Main Thread] WARNING: FileDescriptorSet destroyed with unconsumed descriptors: file /build/firefox-4NVViI/firefox-76.0.1+build1/ipc/chromium/src/chrome/common/file_descriptor_set_posix.cc, line 19
Exiting due to channel error.

###!!! [Parent][MessageChannel] Error: (msgtype=0x38005F,name=PContent::Msg_SetPermissionsWithKey) Channel error: cannot send/recv


###!!! [Parent][MessageChannel] Error: (msgtype=0x380059,name=PContent::Msg_GMPsChanged) Channel error: cannot send/recv


###!!! [Parent][MessageChannel] Error: (msgtype=0x380059,name=PContent::Msg_GMPsChanged) Channel error: cannot send/recv


###!!! [Parent][MessageChannel] Error: (msgtype=0x380072,name=PContent::Msg_RegisterBrowsingContextGroup) Channel error: cannot send/recv


###!!! [Parent][MessageChannel] Error: (msgtype=0x380002,name=PContent::Msg_ConstructBrowser) Channel error: cannot send/recv


###!!! [Parent][MessageChannel] Error: (msgtype=0x380129,name=PContent::Msg_CommitBrowsingContextTransaction) Channel error: cannot send/recv


###!!! [Parent][MessageChannel] Error: (msgtype=0x2000A4,name=PBrowser::Msg_SetUseGlobalHistory) Channel error: cannot send/recv


###!!! [Parent][MessageChannel] Error: (msgtype=0x380129,name=PContent::Msg_CommitBrowsingContextTransaction) Channel error: cannot send/recv


###!!! [Parent][MessageChannel] Error: (msgtype=0x200070,name=PBrowser::Msg_InitRendering) Channel error: cannot send/recv


###!!! [Parent][MessageChannel] Error: (msgtype=0x2000A1,name=PBrowser::Msg_SafeAreaInsetsChanged) Channel error: cannot send/recv


###!!! [Parent][MessageChannel] Error: (msgtype=0x200098,name=PBrowser::Msg_LoadRemoteScript) Channel error: cannot send/recv


###!!! [Parent][MessageChannel] Error: (msgtype=0x200098,name=PBrowser::Msg_LoadRemoteScript) Channel error: cannot send/recv


###!!! [Parent][MessageChannel] Error: (msgtype=0x20006E,name=PBrowser::Msg_Show) Channel error: cannot send/recv


###!!! [Parent][MessageChannel] Error: (msgtype=0x200098,name=PBrowser::Msg_LoadRemoteScript) Channel error: cannot send/recv


###!!! [Parent][MessageChannel] Error: (msgtype=0x20009A,name=PBrowser::Msg_SetDocShellIsActive) Channel error: cannot send/recv


###!!! [Parent][MessageChannel] Error: (msgtype=0x200074,name=PBrowser::Msg_UpdateDimensions) Channel error: cannot send/recv


###!!! [Parent][MessageChannel] Error: (msgtype=0x380063,name=PContent::Msg_SetPluginList) Channel error: cannot send/recv


###!!! [Parent][MessageChannel] Error: (msgtype=0x380063,name=PContent::Msg_SetPluginList) Channel error: cannot send/recv

Extension error: extension.persistentListeners is undefined resource://gre/modules/ExtensionCommon.jsm:2357 :: clearPrimedListeners@resource://gre/modules/ExtensionCommon.jsm:2357:39
build@chrome://extensions/content/parent/ext-backgroundPage.js:73:20


###!!! [Parent][MessageChannel] Error: (msgtype=0x38001C,name=PContent::Msg_RegisterChromeItem) Channel error: cannot send/recv

Extension error: extension.persistentListeners is undefined resource://gre/modules/ExtensionCommon.jsm:2357 :: clearPrimedListeners@resource://gre/modules/ExtensionCommon.jsm:2357:39
build@chrome://extensions/content/parent/ext-backgroundPage.js:73:20


###!!! [Parent][MessageChannel] Error: (msgtype=0x38001C,name=PContent::Msg_RegisterChromeItem) Channel error: cannot send/recv

Extension error: extension.persistentListeners is undefined resource://gre/modules/ExtensionCommon.jsm:2357 :: clearPrimedListeners@resource://gre/modules/ExtensionCommon.jsm:2357:39
build@chrome://extensions/content/parent/ext-backgroundPage.js:73:20


###!!! [Parent][MessageChannel] Error: (msgtype=0x38001C,name=PContent::Msg_RegisterChromeItem) Channel error: cannot send/recv

Extension error: extension.persistentListeners is undefined resource://gre/modules/ExtensionCommon.jsm:2357 :: clearPrimedListeners@resource://gre/modules/ExtensionCommon.jsm:2357:39
build@chrome://extensions/content/parent/ext-backgroundPage.js:73:20


###!!! [Parent][MessageChannel] Error: (msgtype=0x38001C,name=PContent::Msg_RegisterChromeItem) Channel error: cannot send/recv

1589840048519	addons.xpi	WARN	Exception running bootstrap method startup on webcompat@mozilla.org: TypeError: extension.persistentListeners is undefined(resource://gre/modules/ExtensionCommon.jsm:2357:39) JS Stack trace: clearPrimedListeners@ExtensionCommon.jsm:2357:39
build@ext-backgroundPage.js:73:20
1589840048519	addons.xpi	WARN	Exception running bootstrap method startup on doh-rollout@mozilla.org: TypeError: extension.persistentListeners is undefined(resource://gre/modules/ExtensionCommon.jsm:2357:39) JS Stack trace: clearPrimedListeners@ExtensionCommon.jsm:2357:39
build@ext-backgroundPage.js:73:20
1589840048519	addons.xpi	WARN	Exception running bootstrap method startup on screenshots@mozilla.org: TypeError: extension.persistentListeners is undefined(resource://gre/modules/ExtensionCommon.jsm:2357:39) JS Stack trace: clearPrimedListeners@ExtensionCommon.jsm:2357:39
build@ext-backgroundPage.js:73:20
1589840048520	addons.xpi	WARN	Exception running bootstrap method startup on formautofill@mozilla.org: TypeError: extension.persistentListeners is undefined(resource://gre/modules/ExtensionCommon.jsm:2357:39) JS Stack trace: clearPrimedListeners@ExtensionCommon.jsm:2357:39
build@ext-backgroundPage.js:73:20
1589840048858	Marionette	INFO	Listening on port 57002
1589840048933	Marionette	WARN	TLS certificate errors will be ignored for this session
Exiting due to channel error.
[Parent 27666, Gecko_IOThread] WARNING: FileDescriptorSet destroyed with unconsumed descriptors: file /build/firefox-4NVViI/firefox-76.0.1+build1/ipc/chromium/src/chrome/common/file_descriptor_set_posix.cc, line 19
[Parent 27666, Gecko_IOThread] WARNING: FileDescriptorSet destroyed with unconsumed descriptors: file /build/firefox-4NVViI/firefox-76.0.1+build1/ipc/chromium/src/chrome/common/file_descriptor_set_posix.cc, line 19

###!!! [Parent][MessageChannel] Error: (msgtype=0x380022,name=PContent::Msg_PreferenceUpdate) Channel error: cannot send/recv


###!!! [Parent][MessageChannel] Error: (msgtype=0x380022,name=PContent::Msg_PreferenceUpdate) Channel error: cannot send/recv

A content process crashed and MOZ_CRASHREPORTER_SHUTDOWN is set, shutting down
JavaScript error: chrome://browser/content/browser.js, line 7978: TypeError: browser.messageManager is null
WARNING: A blocker encountered an error while we were waiting.
          Blocker:  SessionStore: flushing all windows
          Phase: quit-application-granted
          State: {"total":-1,"current":-1}
WARNING: TypeError: mm is null
WARNING: flush@resource:///modules/sessionstore/TabStateFlusher.jsm:97:5
flushWindow@resource:///modules/sessionstore/TabStateFlusher.jsm:127:28
flushWindow@resource:///modules/sessionstore/TabStateFlusher.jsm:31:36
flushAllWindowsAsync@resource:///modules/sessionstore/SessionStore.jsm:2292:50
ssi_onQuitApplicationGranted/<@resource:///modules/sessionstore/SessionStore.jsm:2216:32
trigger@resource://gre/modules/AsyncShutdown.jsm:726:23
_wait@resource://gre/modules/AsyncShutdown.jsm:878:15
wait@resource://gre/modules/AsyncShutdown.jsm:859:34
observe@resource://gre/modules/AsyncShutdown.jsm:536:10
observe@resource:///modules/ContentCrashHandlers.jsm:178:28

console.warn: services.settings: main/cfr-fxa sync interrupted by shutdown
JavaScript error: resource:///modules/sessionstore/TabStateFlusher.jsm, line 97: TypeError: mm is null
1589840049964	Marionette	INFO	Stopped listening on port 57002
1589840132072	mozrunner::runner	INFO	Running command: "/usr/bin/firefox" "-marionette" "--headless" "-foreground" "-no-remote" "-profile" "/tmp/rust_mozprofile.zTGjqHiPZ46E"
*** You are running in headless mode.
1589840132531	addons.webextension.doh-rollout@mozilla.org	WARN	Loading extension 'doh-rollout@mozilla.org': Reading manifest: Invalid extension permission: networkStatus
1589840133290	addons.webextension.screenshots@mozilla.org	WARN	Loading extension 'screenshots@mozilla.org': Reading manifest: Invalid extension permission: mozillaAddons
1589840133290	addons.webextension.screenshots@mozilla.org	WARN	Loading extension 'screenshots@mozilla.org': Reading manifest: Invalid extension permission: telemetry
1589840133290	addons.webextension.screenshots@mozilla.org	WARN	Loading extension 'screenshots@mozilla.org': Reading manifest: Invalid extension permission: resource://pdf.js/
1589840133290	addons.webextension.screenshots@mozilla.org	WARN	Loading extension 'screenshots@mozilla.org': Reading manifest: Invalid extension permission: about:reader*

###!!! [Parent][MessageChannel] Error: (msgtype=0x38005F,name=PContent::Msg_SetPermissionsWithKey) Channel error: cannot send/recv


###!!! [Parent][MessageChannel] Error: (msgtype=0x380059,name=PContent::Msg_GMPsChanged) Channel error: cannot send/recv

Exiting due to channel error.
[Parent 29378, Gecko_IOThread] WARNING: FileDescriptorSet destroyed with unconsumed descriptors: file /build/firefox-4NVViI/firefox-76.0.1+build1/ipc/chromium/src/chrome/common/file_descriptor_set_posix.cc, line 19

###!!! [Parent][MessageChannel] Error: (msgtype=0x380072,name=PContent::Msg_RegisterBrowsingContextGroup) Channel error: cannot send/recv


###!!! [Parent][MessageChannel] Error: (msgtype=0x380002,name=PContent::Msg_ConstructBrowser) Channel error: cannot send/recv


###!!! [Parent][MessageChannel] Error: (msgtype=0x380129,name=PContent::Msg_CommitBrowsingContextTransaction) Channel error: cannot send/recv


###!!! [Parent][MessageChannel] Error: (msgtype=0x2000A4,name=PBrowser::Msg_SetUseGlobalHistory) Channel error: cannot send/recv


###!!! [Parent][MessageChannel] Error: (msgtype=0x380129,name=PContent::Msg_CommitBrowsingContextTransaction) Channel error: cannot send/recv


###!!! [Parent][MessageChannel] Error: (msgtype=0x200070,name=PBrowser::Msg_InitRendering) Channel error: cannot send/recv


###!!! [Parent][MessageChannel] Error: (msgtype=0x2000A1,name=PBrowser::Msg_SafeAreaInsetsChanged) Channel error: cannot send/recv


###!!! [Parent][MessageChannel] Error: (msgtype=0x200098,name=PBrowser::Msg_LoadRemoteScript) Channel error: cannot send/recv


###!!! [Parent][MessageChannel] Error: (msgtype=0x200098,name=PBrowser::Msg_LoadRemoteScript) Channel error: cannot send/recv


###!!! [Parent][MessageChannel] Error: (msgtype=0x200072,name=PBrowser::Msg_LoadURL) Channel error: cannot send/recv


###!!! [Parent][MessageChannel] Error: (msgtype=0x20006E,name=PBrowser::Msg_Show) Channel error: cannot send/recv


###!!! [Parent][MessageChannel] Error: (msgtype=0x200098,name=PBrowser::Msg_LoadRemoteScript) Channel error: cannot send/recv


###!!! [Parent][MessageChannel] Error: (msgtype=0x380072,name=PContent::Msg_RegisterBrowsingContextGroup) Channel error: cannot send/recv


###!!! [Parent][MessageChannel] Error: (msgtype=0x380002,name=PContent::Msg_ConstructBrowser) Channel error: cannot send/recv


###!!! [Parent][MessageChannel] Error: (msgtype=0x380129,name=PContent::Msg_CommitBrowsingContextTransaction) Channel error: cannot send/recv


###!!! [Parent][MessageChannel] Error: (msgtype=0x2000A4,name=PBrowser::Msg_SetUseGlobalHistory) Channel error: cannot send/recv


###!!! [Parent][MessageChannel] Error: (msgtype=0x380129,name=PContent::Msg_CommitBrowsingContextTransaction) Channel error: cannot send/recv


###!!! [Parent][MessageChannel] Error: (msgtype=0x200070,name=PBrowser::Msg_InitRendering) Channel error: cannot send/recv


###!!! [Parent][MessageChannel] Error: (msgtype=0x2000A1,name=PBrowser::Msg_SafeAreaInsetsChanged) Channel error: cannot send/recv


###!!! [Parent][MessageChannel] Error: (msgtype=0x200098,name=PBrowser::Msg_LoadRemoteScript) Channel error: cannot send/recv


###!!! [Parent][MessageChannel] Error: (msgtype=0x200098,name=PBrowser::Msg_LoadRemoteScript) Channel error: cannot send/recv


###!!! [Parent][MessageChannel] Error: (msgtype=0x200072,name=PBrowser::Msg_LoadURL) Channel error: cannot send/recv


###!!! [Parent][MessageChannel] Error: (msgtype=0x20006E,name=PBrowser::Msg_Show) Channel error: cannot send/recv


###!!! [Parent][MessageChannel] Error: (msgtype=0x200098,name=PBrowser::Msg_LoadRemoteScript) Channel error: cannot send/recv


###!!! [Parent][MessageChannel] Error: (msgtype=0x380072,name=PContent::Msg_RegisterBrowsingContextGroup) Channel error: cannot send/recv


###!!! [Parent][MessageChannel] Error: (msgtype=0x380002,name=PContent::Msg_ConstructBrowser) Channel error: cannot send/recv


###!!! [Parent][MessageChannel] Error: (msgtype=0x380129,name=PContent::Msg_CommitBrowsingContextTransaction) Channel error: cannot send/recv


###!!! [Parent][MessageChannel] Error: (msgtype=0x2000A4,name=PBrowser::Msg_SetUseGlobalHistory) Channel error: cannot send/recv


###!!! [Parent][MessageChannel] Error: (msgtype=0x380129,name=PContent::Msg_CommitBrowsingContextTransaction) Channel error: cannot send/recv


###!!! [Parent][MessageChannel] Error: (msgtype=0x200070,name=PBrowser::Msg_InitRendering) Channel error: cannot send/recv


###!!! [Parent][MessageChannel] Error: (msgtype=0x2000A1,name=PBrowser::Msg_SafeAreaInsetsChanged) Channel error: cannot send/recv


###!!! [Parent][MessageChannel] Error: (msgtype=0x200098,name=PBrowser::Msg_LoadRemoteScript) Channel error: cannot send/recv


###!!! [Parent][MessageChannel] Error: (msgtype=0x200098,name=PBrowser::Msg_LoadRemoteScript) Channel error: cannot send/recv


###!!! [Parent][MessageChannel] Error: (msgtype=0x200072,name=PBrowser::Msg_LoadURL) Channel error: cannot send/recv


###!!! [Parent][MessageChannel] Error: (msgtype=0x20006E,name=PBrowser::Msg_Show) Channel error: cannot send/recv


###!!! [Parent][MessageChannel] Error: (msgtype=0x200098,name=PBrowser::Msg_LoadRemoteScript) Channel error: cannot send/recv


###!!! [Parent][MessageChannel] Error: (msgtype=0x380072,name=PContent::Msg_RegisterBrowsingContextGroup) Channel error: cannot send/recv


###!!! [Parent][MessageChannel] Error: (msgtype=0x380002,name=PContent::Msg_ConstructBrowser) Channel error: cannot send/recv


###!!! [Parent][MessageChannel] Error: (msgtype=0x380129,name=PContent::Msg_CommitBrowsingContextTransaction) Channel error: cannot send/recv


###!!! [Parent][MessageChannel] Error: (msgtype=0x2000A4,name=PBrowser::Msg_SetUseGlobalHistory) Channel error: cannot send/recv


###!!! [Parent][MessageChannel] Error: (msgtype=0x380129,name=PContent::Msg_CommitBrowsingContextTransaction) Channel error: cannot send/recv


###!!! [Parent][MessageChannel] Error: (msgtype=0x200070,name=PBrowser::Msg_InitRendering) Channel error: cannot send/recv


###!!! [Parent][MessageChannel] Error: (msgtype=0x2000A1,name=PBrowser::Msg_SafeAreaInsetsChanged) Channel error: cannot send/recv


###!!! [Parent][MessageChannel] Error: (msgtype=0x200098,name=PBrowser::Msg_LoadRemoteScript) Channel error: cannot send/recv


###!!! [Parent][MessageChannel] Error: (msgtype=0x200098,name=PBrowser::Msg_LoadRemoteScript) Channel error: cannot send/recv


###!!! [Parent][MessageChannel] Error: (msgtype=0x200072,name=PBrowser::Msg_LoadURL) Channel error: cannot send/recv


###!!! [Parent][MessageChannel] Error: (msgtype=0x20006E,name=PBrowser::Msg_Show) Channel error: cannot send/recv


###!!! [Parent][MessageChannel] Error: (msgtype=0x200098,name=PBrowser::Msg_LoadRemoteScript) Channel error: cannot send/recv


###!!! [Parent][MessageChannel] Error: (msgtype=0x200098,name=PBrowser::Msg_LoadRemoteScript) Channel error: cannot send/recv


###!!! [Parent][MessageChannel] Error: (msgtype=0x200001,name=PBrowser::Msg_AsyncMessage) Channel error: cannot send/recv


###!!! [Parent][MessageChannel] Error: (msgtype=0x380075,name=PContent::Msg_LoadURI) Channel error: cannot send/recv


###!!! [Parent][MessageChannel] Error: (msgtype=0x200098,name=PBrowser::Msg_LoadRemoteScript) Channel error: cannot send/recv


###!!! [Parent][MessageChannel] Error: (msgtype=0x200001,name=PBrowser::Msg_AsyncMessage) Channel error: cannot send/recv


###!!! [Parent][MessageChannel] Error: (msgtype=0x380075,name=PContent::Msg_LoadURI) Channel error: cannot send/recv


###!!! [Parent][MessageChannel] Error: (msgtype=0x200098,name=PBrowser::Msg_LoadRemoteScript) Channel error: cannot send/recv


###!!! [Parent][MessageChannel] Error: (msgtype=0x200001,name=PBrowser::Msg_AsyncMessage) Channel error: cannot send/recv


###!!! [Parent][MessageChannel] Error: (msgtype=0x380075,name=PContent::Msg_LoadURI) Channel error: cannot send/recv


###!!! [Parent][MessageChannel] Error: (msgtype=0x200098,name=PBrowser::Msg_LoadRemoteScript) Channel error: cannot send/recv


###!!! [Parent][MessageChannel] Error: (msgtype=0x200001,name=PBrowser::Msg_AsyncMessage) Channel error: cannot send/recv


###!!! [Parent][MessageChannel] Error: (msgtype=0x380075,name=PContent::Msg_LoadURI) Channel error: cannot send/recv


###!!! [Parent][MessageChannel] Error: (msgtype=0x200074,name=PBrowser::Msg_UpdateDimensions) Channel error: cannot send/recv


###!!! [Parent][MessageChannel] Error: (msgtype=0x200074,name=PBrowser::Msg_UpdateDimensions) Channel error: cannot send/recv


###!!! [Parent][MessageChannel] Error: (msgtype=0x200074,name=PBrowser::Msg_UpdateDimensions) Channel error: cannot send/recv


###!!! [Parent][MessageChannel] Error: (msgtype=0x200074,name=PBrowser::Msg_UpdateDimensions) Channel error: cannot send/recv


###!!! [Parent][MessageChannel] Error: (msgtype=0x380022,name=PContent::Msg_PreferenceUpdate) Channel error: cannot send/recv


###!!! [Parent][MessageChannel] Error: (msgtype=0x380022,name=PContent::Msg_PreferenceUpdate) Channel error: cannot send/recv


###!!! [Parent][MessageChannel] Error: (msgtype=0x380034,name=PContent::Msg_UpdateSharedData) Channel error: cannot send/recv

[Parent 29378, Main Thread] WARNING: FileDescriptorSet destroyed with unconsumed descriptors: file /build/firefox-4NVViI/firefox-76.0.1+build1/ipc/chromium/src/chrome/common/file_descriptor_set_posix.cc, line 19

###!!! [Parent][MessageChannel] Error: (msgtype=0x380009,name=PContent::Msg_InitProfiler) Channel error: cannot send/recv

[Parent 29378, Main Thread] WARNING: FileDescriptorSet destroyed with unconsumed descriptors: file /build/firefox-4NVViI/firefox-76.0.1+build1/ipc/chromium/src/chrome/common/file_descriptor_set_posix.cc, line 19

###!!! [Parent][MessageChannel] Error: (msgtype=0x38005F,name=PContent::Msg_SetPermissionsWithKey) Channel error: cannot send/recv


###!!! [Parent][MessageChannel] Error: (msgtype=0x380059,name=PContent::Msg_GMPsChanged) Channel error: cannot send/recv

Exiting due to channel error.

###!!! [Parent][MessageChannel] Error: (msgtype=0x380059,name=PContent::Msg_GMPsChanged) Channel error: cannot send/recv


###!!! [Parent][MessageChannel] Error: (msgtype=0x380072,name=PContent::Msg_RegisterBrowsingContextGroup) Channel error: cannot send/recv


###!!! [Parent][MessageChannel] Error: (msgtype=0x380002,name=PContent::Msg_ConstructBrowser) Channel error: cannot send/recv


###!!! [Parent][MessageChannel] Error: (msgtype=0x380129,name=PContent::Msg_CommitBrowsingContextTransaction) Channel error: cannot send/recv


###!!! [Parent][MessageChannel] Error: (msgtype=0x2000A4,name=PBrowser::Msg_SetUseGlobalHistory) Channel error: cannot send/recv


###!!! [Parent][MessageChannel] Error: (msgtype=0x380129,name=PContent::Msg_CommitBrowsingContextTransaction) Channel error: cannot send/recv


###!!! [Parent][MessageChannel] Error: (msgtype=0x200070,name=PBrowser::Msg_InitRendering) Channel error: cannot send/recv


###!!! [Parent][MessageChannel] Error: (msgtype=0x2000A1,name=PBrowser::Msg_SafeAreaInsetsChanged) Channel error: cannot send/recv


###!!! [Parent][MessageChannel] Error: (msgtype=0x200098,name=PBrowser::Msg_LoadRemoteScript) Channel error: cannot send/recv


###!!! [Parent][MessageChannel] Error: (msgtype=0x200098,name=PBrowser::Msg_LoadRemoteScript) Channel error: cannot send/recv


###!!! [Parent][MessageChannel] Error: (msgtype=0x20006E,name=PBrowser::Msg_Show) Channel error: cannot send/recv


###!!! [Parent][MessageChannel] Error: (msgtype=0x200098,name=PBrowser::Msg_LoadRemoteScript) Channel error: cannot send/recv


###!!! [Parent][MessageChannel] Error: (msgtype=0x20009A,name=PBrowser::Msg_SetDocShellIsActive) Channel error: cannot send/recv


###!!! [Parent][MessageChannel] Error: (msgtype=0x200074,name=PBrowser::Msg_UpdateDimensions) Channel error: cannot send/recv


###!!! [Parent][MessageChannel] Error: (msgtype=0x380063,name=PContent::Msg_SetPluginList) Channel error: cannot send/recv


###!!! [Parent][MessageChannel] Error: (msgtype=0x380063,name=PContent::Msg_SetPluginList) Channel error: cannot send/recv

Extension error: extension.persistentListeners is undefined resource://gre/modules/ExtensionCommon.jsm:2357 :: clearPrimedListeners@resource://gre/modules/ExtensionCommon.jsm:2357:39
build@chrome://extensions/content/parent/ext-backgroundPage.js:73:20


###!!! [Parent][MessageChannel] Error: (msgtype=0x38001C,name=PContent::Msg_RegisterChromeItem) Channel error: cannot send/recv

Extension error: extension.persistentListeners is undefined resource://gre/modules/ExtensionCommon.jsm:2357 :: clearPrimedListeners@resource://gre/modules/ExtensionCommon.jsm:2357:39
build@chrome://extensions/content/parent/ext-backgroundPage.js:73:20


###!!! [Parent][MessageChannel] Error: (msgtype=0x38001C,name=PContent::Msg_RegisterChromeItem) Channel error: cannot send/recv

Extension error: extension.persistentListeners is undefined resource://gre/modules/ExtensionCommon.jsm:2357 :: clearPrimedListeners@resource://gre/modules/ExtensionCommon.jsm:2357:39
build@chrome://extensions/content/parent/ext-backgroundPage.js:73:20


###!!! [Parent][MessageChannel] Error: (msgtype=0x38001C,name=PContent::Msg_RegisterChromeItem) Channel error: cannot send/recv

Extension error: extension.persistentListeners is undefined resource://gre/modules/ExtensionCommon.jsm:2357 :: clearPrimedListeners@resource://gre/modules/ExtensionCommon.jsm:2357:39
build@chrome://extensions/content/parent/ext-backgroundPage.js:73:20


###!!! [Parent][MessageChannel] Error: (msgtype=0x38001C,name=PContent::Msg_RegisterChromeItem) Channel error: cannot send/recv

1589840134106	addons.xpi	WARN	Exception running bootstrap method startup on doh-rollout@mozilla.org: TypeError: extension.persistentListeners is undefined(resource://gre/modules/ExtensionCommon.jsm:2357:39) JS Stack trace: clearPrimedListeners@ExtensionCommon.jsm:2357:39
build@ext-backgroundPage.js:73:20
1589840134107	addons.xpi	WARN	Exception running bootstrap method startup on webcompat@mozilla.org: TypeError: extension.persistentListeners is undefined(resource://gre/modules/ExtensionCommon.jsm:2357:39) JS Stack trace: clearPrimedListeners@ExtensionCommon.jsm:2357:39
build@ext-backgroundPage.js:73:20
1589840134107	addons.xpi	WARN	Exception running bootstrap method startup on formautofill@mozilla.org: TypeError: extension.persistentListeners is undefined(resource://gre/modules/ExtensionCommon.jsm:2357:39) JS Stack trace: clearPrimedListeners@ExtensionCommon.jsm:2357:39
build@ext-backgroundPage.js:73:20
1589840134107	addons.xpi	WARN	Exception running bootstrap method startup on screenshots@mozilla.org: TypeError: extension.persistentListeners is undefined(resource://gre/modules/ExtensionCommon.jsm:2357:39) JS Stack trace: clearPrimedListeners@ExtensionCommon.jsm:2357:39
build@ext-backgroundPage.js:73:20
1589840134503	Marionette	INFO	Listening on port 57131
1589840134820	Marionette	WARN	TLS certificate errors will be ignored for this session
[Parent 29378, Gecko_IOThread] WARNING: FileDescriptorSet destroyed with unconsumed descriptors: file /build/firefox-4NVViI/firefox-76.0.1+build1/ipc/chromium/src/chrome/common/file_descriptor_set_posix.cc, line 19
Exiting due to channel error.
[Parent 29378, Gecko_IOThread] WARNING: FileDescriptorSet destroyed with unconsumed descriptors: file /build/firefox-4NVViI/firefox-76.0.1+build1/ipc/chromium/src/chrome/common/file_descriptor_set_posix.cc, line 19
A content process crashed and MOZ_CRASHREPORTER_SHUTDOWN is set, shutting down
JavaScript error: chrome://browser/content/browser.js, line 7978: TypeError: browser.messageManager is null
WARNING: A blocker encountered an error while we were waiting.
          Blocker:  SessionStore: flushing all windows
          Phase: quit-application-granted
          State: {"total":-1,"current":-1}
WARNING: TypeError: mm is null
WARNING: flush@resource:///modules/sessionstore/TabStateFlusher.jsm:97:5
flushWindow@resource:///modules/sessionstore/TabStateFlusher.jsm:127:28
flushWindow@resource:///modules/sessionstore/TabStateFlusher.jsm:31:36
flushAllWindowsAsync@resource:///modules/sessionstore/SessionStore.jsm:2292:50
ssi_onQuitApplicationGranted/<@resource:///modules/sessionstore/SessionStore.jsm:2216:32
trigger@resource://gre/modules/AsyncShutdown.jsm:726:23
_wait@resource://gre/modules/AsyncShutdown.jsm:878:15
wait@resource://gre/modules/AsyncShutdown.jsm:859:34
observe@resource://gre/modules/AsyncShutdown.jsm:536:10
observe@resource:///modules/ContentCrashHandlers.jsm:178:28

JavaScript error: resource:///modules/sessionstore/TabStateFlusher.jsm, line 97: TypeError: mm is null
console.warn: services.settings: main/cfr-fxa sync interrupted by shutdown
1589840135634	Marionette	INFO	Stopped listening on port 57131
